Using pre-set license
Built from '2022.3/staging' branch; Version is '2022.3.10f1 (ff3792e53c62) revision 16725906'; Using compiler version '192829333'; Build Type 'Release'
OS: 'Windows 11  (10.0.22621) 64bit Core' Language: 'ja' Physical Memory: 32709 MB
BatchMode: 1, IsHumanControllingUs: 0, StartBugReporterOnCrash: 0, Is64bit: 1, IsPro: 1

COMMAND LINE ARGUMENTS:
C:\Program Files\Unity\Hub\Editor\2022.3.10f1\Editor\Unity.exe
-adb2
-batchMode
-noUpm
-name
AssetImportWorker4
-projectPath
D:/UnityProject/testgame01/AnimalGame
-logFile
Logs/AssetImportWorker4.log
-srvPort
62311
Successfully changed project path to: D:/UnityProject/testgame01/AnimalGame
D:/UnityProject/testgame01/AnimalGame
[UnityMemory] Configuration Parameters - Can be set up in boot.config
    "memorysetup-bucket-allocator-granularity=16"
    "memorysetup-bucket-allocator-bucket-count=8"
    "memorysetup-bucket-allocator-block-size=33554432"
    "memorysetup-bucket-allocator-block-count=8"
    "memorysetup-main-allocator-block-size=16777216"
    "memorysetup-thread-allocator-block-size=16777216"
    "memorysetup-gfx-main-allocator-block-size=16777216"
    "memorysetup-gfx-thread-allocator-block-size=16777216"
    "memorysetup-cache-allocator-block-size=4194304"
    "memorysetup-typetree-allocator-block-size=2097152"
    "memorysetup-profiler-bucket-allocator-granularity=16"
    "memorysetup-profiler-bucket-allocator-bucket-count=8"
    "memorysetup-profiler-bucket-allocator-block-size=33554432"
    "memorysetup-profiler-bucket-allocator-block-count=8"
    "memorysetup-profiler-allocator-block-size=16777216"
    "memorysetup-profiler-editor-allocator-block-size=1048576"
    "memorysetup-temp-allocator-size-main=16777216"
    "memorysetup-job-temp-allocator-block-size=2097152"
    "memorysetup-job-temp-allocator-block-size-background=1048576"
    "memorysetup-job-temp-allocator-reduction-small-platforms=262144"
    "memorysetup-allocator-temp-initial-block-size-main=262144"
    "memorysetup-allocator-temp-initial-block-size-worker=262144"
    "memorysetup-temp-allocator-size-background-worker=32768"
    "memorysetup-temp-allocator-size-job-worker=262144"
    "memorysetup-temp-allocator-size-preload-manager=33554432"
    "memorysetup-temp-allocator-size-nav-mesh-worker=65536"
    "memorysetup-temp-allocator-size-audio-worker=65536"
    "memorysetup-temp-allocator-size-cloud-worker=32768"
    "memorysetup-temp-allocator-size-gi-baking-worker=262144"
    "memorysetup-temp-allocator-size-gfx=262144"
Player connection [12752] Host "[IP] 192.168.11.23 [Port] 0 [Flags] 2 [Guid] 2505095671 [EditorId] 2505095671 [Version] 1048832 [Id] WindowsEditor(7,DESKTOP-6ULQMPK) [Debug] 1 [PackageName] WindowsEditor [ProjectName] Editor" joined multi-casting on [225.0.0.222:54997]...

Player connection [12752] Host "[IP] 192.168.11.23 [Port] 0 [Flags] 2 [Guid] 2505095671 [EditorId] 2505095671 [Version] 1048832 [Id] WindowsEditor(7,DESKTOP-6ULQMPK) [Debug] 1 [PackageName] WindowsEditor [ProjectName] Editor" joined alternative multi-casting on [225.0.0.222:34997]...

[Physics::Module] Initialized MultithreadedJobDispatcher with 7 workers.
Refreshing native plugins compatible for Editor in 7.13 ms, found 4 plugins.
Preloading 0 native plugins for Editor in 0.00 ms.
Initialize engine version: 2022.3.10f1 (ff3792e53c62)
[Subsystems] Discovering subsystems at path C:/Program Files/Unity/Hub/Editor/2022.3.10f1/Editor/Data/Resources/UnitySubsystems
[Subsystems] Discovering subsystems at path D:/UnityProject/testgame01/AnimalGame/Assets
GfxDevice: creating device client; threaded=0; jobified=0
Direct3D:
    Version:  Direct3D 11.0 [level 11.1]
    Renderer: NVIDIA GeForce RTX 2070 SUPER (ID=0x1e84)
    Vendor:   NVIDIA
    VRAM:     8012 MB
    Driver:   31.0.15.1694
Initialize mono
Mono path[0] = 'C:/Program Files/Unity/Hub/Editor/2022.3.10f1/Editor/Data/Managed'
Mono path[1] = 'C:/Program Files/Unity/Hub/Editor/2022.3.10f1/Editor/Data/MonoBleedingEdge/lib/mono/unityjit-win32'
Mono config path = 'C:/Program Files/Unity/Hub/Editor/2022.3.10f1/Editor/Data/MonoBleedingEdge/etc'
Using monoOptions --debugger-agent=transport=dt_socket,embedding=1,server=y,suspend=n,address=127.0.0.1:56196
Begin MonoManager ReloadAssembly
Registering precompiled unity dll's ...
Register platform support module: C:/Program Files/Unity/Hub/Editor/2022.3.10f1/Editor/Data/PlaybackEngines/AndroidPlayer/UnityEditor.Android.Extensions.dll
Register platform support module: C:/Program Files/Unity/Hub/Editor/2022.3.10f1/Editor/Data/PlaybackEngines/iOSSupport/UnityEditor.iOS.Extensions.dll
Register platform support module: C:/Program Files/Unity/Hub/Editor/2022.3.10f1/Editor/Data/PlaybackEngines/WindowsStandaloneSupport/UnityEditor.WindowsStandalone.Extensions.dll
Registered in 0.010335 seconds.
- Loaded All Assemblies, in  0.477 seconds
Native extension for WindowsStandalone target not found
[usbmuxd] Start listen thread
[usbmuxd] Listen thread started
[usbmuxd] Send listen message
Native extension for iOS target not found
Native extension for Android target not found
Android Extension - Scanning For ADB Devices 273 ms
Mono: successfully reloaded assembly
- Finished resetting the current domain, in  0.606 seconds
Domain Reload Profiling: 1082ms
	BeginReloadAssembly (208ms)
		ExecutionOrderSort (0ms)
		DisableScriptedObjects (0ms)
		BackupInstance (0ms)
		ReleaseScriptingObjects (0ms)
		CreateAndSetChildDomain (1ms)
	RebuildCommonClasses (44ms)
	RebuildNativeTypeToScriptingClass (13ms)
	initialDomainReloadingComplete (62ms)
	LoadAllAssembliesAndSetupDomain (149ms)
		LoadAssemblies (206ms)
		RebuildTransferFunctionScriptingTraits (0ms)
		AnalyzeDomain (147ms)
			TypeCache.Refresh (146ms)
				TypeCache.ScanAssembly (132ms)
			ScanForSourceGeneratedMonoScriptInfo (0ms)
			ResolveRequiredComponents (0ms)
	FinalizeReload (606ms)
		ReleaseScriptCaches (0ms)
		RebuildScriptCaches (0ms)
		SetupLoadedEditorAssemblies (546ms)
			LogAssemblyErrors (0ms)
			InitializePlatformSupportModulesInManaged (398ms)
			SetLoadedEditorAssemblies (5ms)
			RefreshPlugins (0ms)
			BeforeProcessingInitializeOnLoad (2ms)
			ProcessInitializeOnLoadAttributes (97ms)
			ProcessInitializeOnLoadMethodAttributes (44ms)
			AfterProcessingInitializeOnLoad (0ms)
			EditorAssembliesLoaded (0ms)
		ExecutionOrderSort2 (0ms)
		AwakeInstancesAfterBackupRestoration (0ms)
========================================================================
Worker process is ready to serve import requests
Begin MonoManager ReloadAssembly
- Loaded All Assemblies, in  0.722 seconds
Refreshing native plugins compatible for Editor in 2.41 ms, found 4 plugins.
Native extension for WindowsStandalone target not found
Native extension for iOS target not found
Native extension for Android target not found
Package Manager log level set to [2]
[Package Manager] Server::EnsureServerProcessIsRunning -- launch failed, reason: Unity was launched with the -noUpm command-line argument
[Package Manager] UpmClient::Send -- Unable to send message (not connected to UPM process).
[Package Manager] Cannot connect to Unity Package Manager local server
Mono: successfully reloaded assembly
- Finished resetting the current domain, in  0.712 seconds
Domain Reload Profiling: 1433ms
	BeginReloadAssembly (161ms)
		ExecutionOrderSort (0ms)
		DisableScriptedObjects (7ms)
		BackupInstance (0ms)
		ReleaseScriptingObjects (0ms)
		CreateAndSetChildDomain (23ms)
	RebuildCommonClasses (35ms)
	RebuildNativeTypeToScriptingClass (13ms)
	initialDomainReloadingComplete (42ms)
	LoadAllAssembliesAndSetupDomain (470ms)
		LoadAssemblies (336ms)
		RebuildTransferFunctionScriptingTraits (0ms)
		AnalyzeDomain (229ms)
			TypeCache.Refresh (191ms)
				TypeCache.ScanAssembly (169ms)
			ScanForSourceGeneratedMonoScriptInfo (27ms)
			ResolveRequiredComponents (9ms)
	FinalizeReload (712ms)
		ReleaseScriptCaches (0ms)
		RebuildScriptCaches (0ms)
		SetupLoadedEditorAssemblies (534ms)
			LogAssemblyErrors (0ms)
			InitializePlatformSupportModulesInManaged (35ms)
			SetLoadedEditorAssemblies (4ms)
			RefreshPlugins (0ms)
			BeforeProcessingInitializeOnLoad (80ms)
			ProcessInitializeOnLoadAttributes (324ms)
			ProcessInitializeOnLoadMethodAttributes (84ms)
			AfterProcessingInitializeOnLoad (6ms)
			EditorAssembliesLoaded (0ms)
		ExecutionOrderSort2 (0ms)
		AwakeInstancesAfterBackupRestoration (5ms)
Launched and connected shader compiler UnityShaderCompiler.exe after 0.05 seconds
Refreshing native plugins compatible for Editor in 2.18 ms, found 4 plugins.
Preloading 0 native plugins for Editor in 0.00 ms.
Unloading 5639 Unused Serialized files (Serialized files now loaded: 0)
Unloading 84 unused Assets / (351.3 KB). Loaded Objects now: 6109.
Memory consumption went from 219.7 MB to 219.3 MB.
Total: 3.879700 ms (FindLiveObjects: 0.466500 ms CreateObjectMapping: 0.516000 ms MarkObjects: 2.658400 ms  DeleteObjects: 0.237300 ms)

AssetImportParameters requested are different than current active one (requested -> active):
  custom:container-demuxer-ogg: 62fdf1f143b41e24485cea50d1cbac27 -> 
  custom:video-codec-MediaFoundation-h265: 746d11721c4dcdbdad8f713fa42b33f4 -> 
  custom:video-decoder-ogg-theora: a1e56fd34408186e4bbccfd4996cb3dc -> 
  custom:framework-win-MediaFoundation: 216162199b28c13a410421893ffa2e32 -> 
  custom:CustomObjectIndexerAttribute: a3ef5dd2817f97addfee359851a9dba5 -> 
  custom:container-demuxer-webm: 4f35f7cbe854078d1ac9338744f61a02 -> 
  custom:container-muxer-webm: aa71ff27fc2769a1b78a27578f13a17b -> 
  custom:video-decoder-webm-vp8: 9c59270c3fd7afecdb556c50c9e8de78 -> 
  custom:SearchIndexIgnoredProperties: e643bd26f0fe6173181afceb89e7c659 -> 
  custom:AudioImporter_EditorPlatform: d09bf68614088b80899f8185d706f6e7 -> 
  custom:video-encoder-webm-vp8: eb34c28f22e8b96e1ab97ce403110664 -> 
  custom:audio-decoder-ogg-vorbis: bf7c407c2cedff20999df2af8eb42d56 -> 
  custom:audio-encoder-webm-vorbis: bf7c407c2cedff20999df2af8eb42d56 -> 
========================================================================
Received Import Request.
  Time since last request: 508197.135122 seconds.
  path: Packages/com.unity.render-pipelines.universal/Runtime/Materials/ArnoldStandardSurface/ArnoldStandardSurface.shadergraph
  artifactKey: Guid(3739e562a03fc0b4982d8aa66cc50865) Importer(815301076,1909f56bfc062723c751e8b465ee728b)
Start importing Packages/com.unity.render-pipelines.universal/Runtime/Materials/ArnoldStandardSurface/ArnoldStandardSurface.shadergraph using Guid(3739e562a03fc0b4982d8aa66cc50865) Importer(815301076,1909f56bfc062723c751e8b465ee728b)  -> (artifact id: 'd5b40843e4784f2e8c2cef1e7f9f91f6') in 0.296146 seconds
Number of updated asset objects reloaded before import = 0
Number of asset objects unloaded after import = 3
========================================================================
Received Import Request.
  Time since last request: 0.000031 seconds.
  path: Packages/com.unity.searcher/Editor/Resources/FlatSkin/Font/Roboto-BoldItalic.ttf
  artifactKey: Guid(dfb97a9307a577a41bcacba34b9a7e32) Importer(815301076,1909f56bfc062723c751e8b465ee728b)
Start importing Packages/com.unity.searcher/Editor/Resources/FlatSkin/Font/Roboto-BoldItalic.ttf using Guid(dfb97a9307a577a41bcacba34b9a7e32) Importer(815301076,1909f56bfc062723c751e8b465ee728b)  -> (artifact id: '86c1024a0f2d60641976382761ad638f') in 0.065179 seconds
Number of updated asset objects reloaded before import = 0
Number of asset objects unloaded after import = 5
========================================================================
Received Import Request.
  Time since last request: 0.000037 seconds.
  path: Packages/com.unity.2d.psdimporter/Editor/Assets/root-blue.mat
  artifactKey: Guid(28638862ea1084726a3511cd325fc53d) Importer(815301076,1909f56bfc062723c751e8b465ee728b)
Start importing Packages/com.unity.2d.psdimporter/Editor/Assets/root-blue.mat using Guid(28638862ea1084726a3511cd325fc53d) Importer(815301076,1909f56bfc062723c751e8b465ee728b)  -> (artifact id: '1f9c0db33c7f38b5e1b4e0effd2e5e7f') in 0.039156 seconds
Number of updated asset objects reloaded before import = 0
Number of asset objects unloaded after import = 2
========================================================================
Received Import Request.
  Time since last request: 0.000020 seconds.
  path: Packages/com.unity.render-pipelines.universal/Shaders/2D/VFXSpriteUnlit.shadergraph
  artifactKey: Guid(d7288f66e4fb0634c9afef98c31b722a) Importer(815301076,1909f56bfc062723c751e8b465ee728b)
Start importing Packages/com.unity.render-pipelines.universal/Shaders/2D/VFXSpriteUnlit.shadergraph using Guid(d7288f66e4fb0634c9afef98c31b722a) Importer(815301076,1909f56bfc062723c751e8b465ee728b)  -> (artifact id: '6596bce865036de4105b051a218c1866') in 0.268042 seconds
Number of updated asset objects reloaded before import = 0
Number of asset objects unloaded after import = 3
========================================================================
Received Import Request.
  Time since last request: 0.000248 seconds.
  path: Packages/com.unity.render-pipelines.universal/Runtime/Materials/SpatialMappingWireframe.mat
  artifactKey: Guid(9875a245ac49007498213638a307faa1) Importer(815301076,1909f56bfc062723c751e8b465ee728b)
Start importing Packages/com.unity.render-pipelines.universal/Runtime/Materials/SpatialMappingWireframe.mat using Guid(9875a245ac49007498213638a307faa1) Importer(815301076,1909f56bfc062723c751e8b465ee728b)  -> (artifact id: 'e60bd386b548b7c7edf24d7ec5908ced') in 0.016733 seconds
Number of updated asset objects reloaded before import = 0
Number of asset objects unloaded after import = 2
========================================================================
Received Import Request.
  Time since last request: 0.000021 seconds.
  path: Packages/com.unity.render-pipelines.universal/Runtime/Materials/Sprite-Lit-Default.mat
  artifactKey: Guid(a97c105638bdf8b4a8650670310a4cd3) Importer(815301076,1909f56bfc062723c751e8b465ee728b)
Start importing Packages/com.unity.render-pipelines.universal/Runtime/Materials/Sprite-Lit-Default.mat using Guid(a97c105638bdf8b4a8650670310a4cd3) Importer(815301076,1909f56bfc062723c751e8b465ee728b)  -> (artifact id: '6397cd084048c909d5a1ee2969b84550') in 0.006126 seconds
Number of updated asset objects reloaded before import = 0
Number of asset objects unloaded after import = 1
========================================================================
Received Import Request.
  Time since last request: 0.000231 seconds.
  path: Packages/com.unity.render-pipelines.universal/Runtime/Materials/PhysicalMaterial3DsMax/PhysicalMaterial3DsMaxTransparent.shadergraph
  artifactKey: Guid(1a207e3bee00db44b940e6f362a8e148) Importer(815301076,1909f56bfc062723c751e8b465ee728b)
Start importing Packages/com.unity.render-pipelines.universal/Runtime/Materials/PhysicalMaterial3DsMax/PhysicalMaterial3DsMaxTransparent.shadergraph using Guid(1a207e3bee00db44b940e6f362a8e148) Importer(815301076,1909f56bfc062723c751e8b465ee728b)  -> (artifact id: 'b33d9e2070359cf6607c9df2a681a07e') in 0.434389 seconds
Number of updated asset objects reloaded before import = 0
Number of asset objects unloaded after import = 3
========================================================================
Received Import Request.
  Time since last request: 124.771979 seconds.
  path: Assets/ArtAssets/Material/Ball.mat
  artifactKey: Guid(3971ecd56fed49f4d9eee563979424b7) Importer(815301076,1909f56bfc062723c751e8b465ee728b)
Start importing Assets/ArtAssets/Material/Ball.mat using Guid(3971ecd56fed49f4d9eee563979424b7) Importer(815301076,1909f56bfc062723c751e8b465ee728b)  -> (artifact id: 'bbb11f049e5660fa605f913611055792') in 0.012254 seconds
Number of updated asset objects reloaded before import = 0
Number of asset objects unloaded after import = 3
========================================================================
Received Import Request.
  Time since last request: 0.971597 seconds.
  path: Assets/ArtAssets/Material/Ball.mat
  artifactKey: Guid(3971ecd56fed49f4d9eee563979424b7) Importer(2089858483,0ecaa5967403d082aa24f35e1b516d23)
Start importing Assets/ArtAssets/Material/Ball.mat using Guid(3971ecd56fed49f4d9eee563979424b7) Importer(2089858483,0ecaa5967403d082aa24f35e1b516d23) Generated GUIDs only implemented for interfaces!
 -> (artifact id: 'c2b199512b4e3c4a8494dc52b5b98e5f') in 0.190709 seconds
Number of updated asset objects reloaded before import = 0
Number of asset objects unloaded after import = 2
========================================================================
Received Import Request.
  Time since last request: 38.516110 seconds.
  path: Assets/ArtAssets/New Shader Graph.shadergraph
  artifactKey: Guid(a5dbddcacc793384fb6ec851a17eb78d) Importer(815301076,1909f56bfc062723c751e8b465ee728b)
Start importing Assets/ArtAssets/New Shader Graph.shadergraph using Guid(a5dbddcacc793384fb6ec851a17eb78d) Importer(815301076,1909f56bfc062723c751e8b465ee728b)  -> (artifact id: '657025cbf2b5c4937c6ca6a146856706') in 0.307515 seconds
Number of updated asset objects reloaded before import = 0
Number of asset objects unloaded after import = 3
========================================================================
Received Import Request.
  Time since last request: 0.420715 seconds.
  path: Assets/ArtAssets/New Shader Graph.shadergraph
  artifactKey: Guid(a5dbddcacc793384fb6ec851a17eb78d) Importer(2089858483,0ecaa5967403d082aa24f35e1b516d23)
Start importing Assets/ArtAssets/New Shader Graph.shadergraph using Guid(a5dbddcacc793384fb6ec851a17eb78d) Importer(2089858483,0ecaa5967403d082aa24f35e1b516d23) Generated GUIDs only implemented for interfaces!
 -> (artifact id: '9b6cc8b25461764ea08a1942803ba2a1') in 0.023760 seconds
Number of updated asset objects reloaded before import = 0
Number of asset objects unloaded after import = 3
========================================================================
Received Import Request.
  Time since last request: 18.497513 seconds.
  path: Assets/ArtAssets/sg_ball.shadergraph
  artifactKey: Guid(a5dbddcacc793384fb6ec851a17eb78d) Importer(815301076,1909f56bfc062723c751e8b465ee728b)
Start importing Assets/ArtAssets/sg_ball.shadergraph using Guid(a5dbddcacc793384fb6ec851a17eb78d) Importer(815301076,1909f56bfc062723c751e8b465ee728b)  -> (artifact id: '299095377a001bfdb84f561bda85e883') in 0.318682 seconds
Number of updated asset objects reloaded before import = 1
Number of asset objects unloaded after import = 3
========================================================================
Received Import Request.
  Time since last request: 112.913658 seconds.
  path: Assets/ArtAssets/sg_ball.shadergraph
  artifactKey: Guid(a5dbddcacc793384fb6ec851a17eb78d) Importer(815301076,1909f56bfc062723c751e8b465ee728b)
Start importing Assets/ArtAssets/sg_ball.shadergraph using Guid(a5dbddcacc793384fb6ec851a17eb78d) Importer(815301076,1909f56bfc062723c751e8b465ee728b)  -> (artifact id: '1c1ee3a12fbd7892109c4b84d0ac7710') in 0.296415 seconds
Number of updated asset objects reloaded before import = 0
Number of asset objects unloaded after import = 3
========================================================================
Received Import Request.
  Time since last request: 0.066498 seconds.
  path: Assets/ArtAssets/sg_ball.shadergraph
  artifactKey: Guid(a5dbddcacc793384fb6ec851a17eb78d) Importer(2089858483,0ecaa5967403d082aa24f35e1b516d23)
Start importing Assets/ArtAssets/sg_ball.shadergraph using Guid(a5dbddcacc793384fb6ec851a17eb78d) Importer(2089858483,0ecaa5967403d082aa24f35e1b516d23) Generated GUIDs only implemented for interfaces!
 -> (artifact id: '38f95320fa340d1539bca02c7089451c') in 0.026059 seconds
Number of updated asset objects reloaded before import = 0
Number of asset objects unloaded after import = 3
========================================================================
Received Import Request.
  Time since last request: 43.740631 seconds.
  path: Assets/ArtAssets/m_ball.mat
  artifactKey: Guid(ea2b043184053e44b9ed1ef96ab9d54f) Importer(815301076,1909f56bfc062723c751e8b465ee728b)
Start importing Assets/ArtAssets/m_ball.mat using Guid(ea2b043184053e44b9ed1ef96ab9d54f) Importer(815301076,1909f56bfc062723c751e8b465ee728b)  -> (artifact id: '05eb35838352ba05488fc875ca002ab1') in 0.010176 seconds
Number of updated asset objects reloaded before import = 0
Number of asset objects unloaded after import = 3
========================================================================
Received Import Request.
  Time since last request: 0.978252 seconds.
  path: Assets/ArtAssets/m_ball.mat
  artifactKey: Guid(ea2b043184053e44b9ed1ef96ab9d54f) Importer(2089858483,0ecaa5967403d082aa24f35e1b516d23)
Start importing Assets/ArtAssets/m_ball.mat using Guid(ea2b043184053e44b9ed1ef96ab9d54f) Importer(2089858483,0ecaa5967403d082aa24f35e1b516d23) Generated GUIDs only implemented for interfaces!
 -> (artifact id: 'c14e27c83894a3110bce19992b2ca9d3') in 0.011162 seconds
Number of updated asset objects reloaded before import = 0
Number of asset objects unloaded after import = 2
========================================================================
Received Import Request.
  Time since last request: 41.838096 seconds.
  path: Assets/ArtAssets/sg_ball.shadergraph
  artifactKey: Guid(a5dbddcacc793384fb6ec851a17eb78d) Importer(2089858483,0ecaa5967403d082aa24f35e1b516d23)
Start importing Assets/ArtAssets/sg_ball.shadergraph using Guid(a5dbddcacc793384fb6ec851a17eb78d) Importer(2089858483,0ecaa5967403d082aa24f35e1b516d23) Generated GUIDs only implemented for interfaces!
 -> (artifact id: '0bcebd8e2c22fc64f3422d999c129517') in 0.019717 seconds
Number of updated asset objects reloaded before import = 0
Number of asset objects unloaded after import = 3
========================================================================
Received Import Request.
  Time since last request: 82.377584 seconds.
  path: Assets/ArtAssets/sg_ball.shadergraph
  artifactKey: Guid(a5dbddcacc793384fb6ec851a17eb78d) Importer(2089858483,0ecaa5967403d082aa24f35e1b516d23)
Start importing Assets/ArtAssets/sg_ball.shadergraph using Guid(a5dbddcacc793384fb6ec851a17eb78d) Importer(2089858483,0ecaa5967403d082aa24f35e1b516d23) Generated GUIDs only implemented for interfaces!
 -> (artifact id: '0f0458d61586f89459ea5bc837ef7f67') in 0.020905 seconds
Number of updated asset objects reloaded before import = 0
Number of asset objects unloaded after import = 3
========================================================================
Received Import Request.
  Time since last request: 48.548758 seconds.
  path: Assets/ArtAssets/sg_ball.shadergraph
  artifactKey: Guid(a5dbddcacc793384fb6ec851a17eb78d) Importer(2089858483,0ecaa5967403d082aa24f35e1b516d23)
Start importing Assets/ArtAssets/sg_ball.shadergraph using Guid(a5dbddcacc793384fb6ec851a17eb78d) Importer(2089858483,0ecaa5967403d082aa24f35e1b516d23) Generated GUIDs only implemented for interfaces!
 -> (artifact id: '1037eda14d9d93ca7cac1a07d7f68a75') in 0.174471 seconds
Number of updated asset objects reloaded before import = 0
Number of asset objects unloaded after import = 3
========================================================================
Received Import Request.
  Time since last request: 201.245526 seconds.
  path: Assets/ArtAssets/sg_ball.shadergraph
  artifactKey: Guid(a5dbddcacc793384fb6ec851a17eb78d) Importer(2089858483,0ecaa5967403d082aa24f35e1b516d23)
Start importing Assets/ArtAssets/sg_ball.shadergraph using Guid(a5dbddcacc793384fb6ec851a17eb78d) Importer(2089858483,0ecaa5967403d082aa24f35e1b516d23) Generated GUIDs only implemented for interfaces!
 -> (artifact id: '2251a389efc7fa3de91e6d3d2086b7dd') in 0.180088 seconds
Number of updated asset objects reloaded before import = 0
Number of asset objects unloaded after import = 3
========================================================================
Received Import Request.
  Time since last request: 74.354452 seconds.
  path: Assets/ArtAssets/Shader
  artifactKey: Guid(b4507235a84e54b4da8f47be2975214f) Importer(815301076,1909f56bfc062723c751e8b465ee728b)
Start importing Assets/ArtAssets/Shader using Guid(b4507235a84e54b4da8f47be2975214f) Importer(815301076,1909f56bfc062723c751e8b465ee728b)  -> (artifact id: '141d4d94ce691815f99e1b6b5704d4e3') in 0.000666 seconds
Number of updated asset objects reloaded before import = 0
Number of asset objects unloaded after import = 0
========================================================================
Received Import Request.
  Time since last request: 0.973294 seconds.
  path: Assets/ArtAssets/Shader
  artifactKey: Guid(b4507235a84e54b4da8f47be2975214f) Importer(2089858483,0ecaa5967403d082aa24f35e1b516d23)
Start importing Assets/ArtAssets/Shader using Guid(b4507235a84e54b4da8f47be2975214f) Importer(2089858483,0ecaa5967403d082aa24f35e1b516d23) Generated GUIDs only implemented for interfaces!
 -> (artifact id: '164c509c7c679d6b7a55090a61671fab') in 0.007582 seconds
Number of updated asset objects reloaded before import = 0
Number of asset objects unloaded after import = 1
========================================================================
Received Import Request.
  Time since last request: 1.723005 seconds.
  path: Assets/ArtAssets/Shader/sg_ball.shadergraph
  artifactKey: Guid(a5dbddcacc793384fb6ec851a17eb78d) Importer(2089858483,0ecaa5967403d082aa24f35e1b516d23)
Start importing Assets/ArtAssets/Shader/sg_ball.shadergraph using Guid(a5dbddcacc793384fb6ec851a17eb78d) Importer(2089858483,0ecaa5967403d082aa24f35e1b516d23) Generated GUIDs only implemented for interfaces!
 -> (artifact id: '545241ca2fccceeba5b7a0e2462dc2a9') in 0.017979 seconds
Number of updated asset objects reloaded before import = 0
Number of asset objects unloaded after import = 3
========================================================================
Received Import Request.
  Time since last request: 6.469986 seconds.
  path: Assets/ArtAssets/Material 1
  artifactKey: Guid(15c9e3cbcff4b2748a4224ac178f7591) Importer(815301076,1909f56bfc062723c751e8b465ee728b)
Start importing Assets/ArtAssets/Material 1 using Guid(15c9e3cbcff4b2748a4224ac178f7591) Importer(815301076,1909f56bfc062723c751e8b465ee728b)  -> (artifact id: 'd06dffaae6b0d60d95478dadcd267edf') in 0.000737 seconds
Number of updated asset objects reloaded before import = 0
Number of asset objects unloaded after import = 0
========================================================================
Received Import Request.
  Time since last request: 0.975655 seconds.
  path: Assets/ArtAssets/Material 1
  artifactKey: Guid(15c9e3cbcff4b2748a4224ac178f7591) Importer(2089858483,0ecaa5967403d082aa24f35e1b516d23)
Start importing Assets/ArtAssets/Material 1 using Guid(15c9e3cbcff4b2748a4224ac178f7591) Importer(2089858483,0ecaa5967403d082aa24f35e1b516d23) Generated GUIDs only implemented for interfaces!
 -> (artifact id: 'a59839603284d2c2133386314a6b6ff4') in 0.007158 seconds
Number of updated asset objects reloaded before import = 0
Number of asset objects unloaded after import = 1
========================================================================
Received Import Request.
  Time since last request: 6.654812 seconds.
  path: Assets/ArtAssets/Material/m_ball.mat
  artifactKey: Guid(ea2b043184053e44b9ed1ef96ab9d54f) Importer(815301076,1909f56bfc062723c751e8b465ee728b)
Start importing Assets/ArtAssets/Material/m_ball.mat using Guid(ea2b043184053e44b9ed1ef96ab9d54f) Importer(815301076,1909f56bfc062723c751e8b465ee728b)  -> (artifact id: '89bc22aabcf7cc95ccebd1aade55d6e7') in 0.162833 seconds
Number of updated asset objects reloaded before import = 0
Number of asset objects unloaded after import = 3
========================================================================
Received Import Request.
  Time since last request: 0.360555 seconds.
  path: Assets/ArtAssets/Material/m_ball.mat
  artifactKey: Guid(ea2b043184053e44b9ed1ef96ab9d54f) Importer(2089858483,0ecaa5967403d082aa24f35e1b516d23)
Start importing Assets/ArtAssets/Material/m_ball.mat using Guid(ea2b043184053e44b9ed1ef96ab9d54f) Importer(2089858483,0ecaa5967403d082aa24f35e1b516d23) Generated GUIDs only implemented for interfaces!
 -> (artifact id: '6538470b1b87bec96ec514823521e4a9') in 0.009729 seconds
Number of updated asset objects reloaded before import = 0
Number of asset objects unloaded after import = 2
========================================================================
Received Import Request.
  Time since last request: 125.447363 seconds.
  path: Assets/ArtAssets/Prefab
  artifactKey: Guid(dd3952544bac7644cb7bc9a02d152745) Importer(815301076,1909f56bfc062723c751e8b465ee728b)
Start importing Assets/ArtAssets/Prefab using Guid(dd3952544bac7644cb7bc9a02d152745) Importer(815301076,1909f56bfc062723c751e8b465ee728b)  -> (artifact id: 'f75dfb416cec24a7124b592fd54c2410') in 0.000495 seconds
Number of updated asset objects reloaded before import = 0
Number of asset objects unloaded after import = 0
========================================================================
Received Import Request.
  Time since last request: 0.973517 seconds.
  path: Assets/ArtAssets/Prefab
  artifactKey: Guid(dd3952544bac7644cb7bc9a02d152745) Importer(2089858483,0ecaa5967403d082aa24f35e1b516d23)
Start importing Assets/ArtAssets/Prefab using Guid(dd3952544bac7644cb7bc9a02d152745) Importer(2089858483,0ecaa5967403d082aa24f35e1b516d23) Generated GUIDs only implemented for interfaces!
 -> (artifact id: 'fd21b559d0112188a182d194734a8ca3') in 0.009486 seconds
Number of updated asset objects reloaded before import = 0
Number of asset objects unloaded after import = 1
========================================================================
Received Import Request.
  Time since last request: 2.981535 seconds.
  path: Assets/ArtAssets/Prefab/Feild.prefab
  artifactKey: Guid(6eff81ac9f0e3a442b5d8af8497f00a0) Importer(815301076,1909f56bfc062723c751e8b465ee728b)
Start importing Assets/ArtAssets/Prefab/Feild.prefab using Guid(6eff81ac9f0e3a442b5d8af8497f00a0) Importer(815301076,1909f56bfc062723c751e8b465ee728b)  -> (artifact id: '32601e43fe673b7ab1264255aad419b5') in 0.029374 seconds
Number of updated asset objects reloaded before import = 0
Number of asset objects unloaded after import = 40
========================================================================
Received Import Request.
  Time since last request: 0.941681 seconds.
  path: Assets/ArtAssets/Prefab/Feild.prefab
  artifactKey: Guid(6eff81ac9f0e3a442b5d8af8497f00a0) Importer(2089858483,0ecaa5967403d082aa24f35e1b516d23)
Start importing Assets/ArtAssets/Prefab/Feild.prefab using Guid(6eff81ac9f0e3a442b5d8af8497f00a0) Importer(2089858483,0ecaa5967403d082aa24f35e1b516d23) Generated GUIDs only implemented for interfaces!
 -> (artifact id: '190ddf05c9da97ce38fd17c12da51ba5') in 0.012985 seconds
Number of updated asset objects reloaded before import = 0
Number of asset objects unloaded after import = 39
========================================================================
Received Import Request.
  Time since last request: 2.339688 seconds.
  path: Assets/Scenes/Puzzle/GlobalVolumeProfile.asset
  artifactKey: Guid(8a1325ed5fdef1f40a1e93ea0fac35c7) Importer(2089858483,0ecaa5967403d082aa24f35e1b516d23)
Start importing Assets/Scenes/Puzzle/GlobalVolumeProfile.asset using Guid(8a1325ed5fdef1f40a1e93ea0fac35c7) Importer(2089858483,0ecaa5967403d082aa24f35e1b516d23) Generated GUIDs only implemented for interfaces!
 -> (artifact id: 'bd89fc52dea64cac14e9ce79cb07a2cc') in 0.014431 seconds
Number of updated asset objects reloaded before import = 0
Number of asset objects unloaded after import = 3
========================================================================
Received Import Request.
  Time since last request: 9138.442584 seconds.
  path: Assets/ArtAssets/Prefab/New Lighting Settings.lighting
  artifactKey: Guid(a321657e4cc6d294ab9571fd5d9c1390) Importer(815301076,1909f56bfc062723c751e8b465ee728b)
Start importing Assets/ArtAssets/Prefab/New Lighting Settings.lighting using Guid(a321657e4cc6d294ab9571fd5d9c1390) Importer(815301076,1909f56bfc062723c751e8b465ee728b)  -> (artifact id: '884d8a4e6a40765d1f824c73af24efae') in 0.001267 seconds
Number of updated asset objects reloaded before import = 0
Number of asset objects unloaded after import = 1
========================================================================
Received Import Request.
  Time since last request: 0.974751 seconds.
  path: Assets/ArtAssets/Prefab/New Lighting Settings.lighting
  artifactKey: Guid(a321657e4cc6d294ab9571fd5d9c1390) Importer(2089858483,0ecaa5967403d082aa24f35e1b516d23)
Start importing Assets/ArtAssets/Prefab/New Lighting Settings.lighting using Guid(a321657e4cc6d294ab9571fd5d9c1390) Importer(2089858483,0ecaa5967403d082aa24f35e1b516d23) Generated GUIDs only implemented for interfaces!
 -> (artifact id: '462413aab38bd12625316724a9fe9db9') in 0.018525 seconds
Number of updated asset objects reloaded before import = 0
Number of asset objects unloaded after import = 1
========================================================================
Received Import Request.
  Time since last request: 50.652662 seconds.
  path: Assets/Settings/Renderer2D.asset
  artifactKey: Guid(424799608f7334c24bf367e4bbfa7f9a) Importer(815301076,1909f56bfc062723c751e8b465ee728b)
Start importing Assets/Settings/Renderer2D.asset using Guid(424799608f7334c24bf367e4bbfa7f9a) Importer(815301076,1909f56bfc062723c751e8b465ee728b)  -> (artifact id: 'a7ba4dbfe44e737f949502228791fc16') in 0.000745 seconds
Number of updated asset objects reloaded before import = 0
Number of asset objects unloaded after import = 0
========================================================================
Received Import Request.
  Time since last request: 90.631995 seconds.
  path: Packages/com.unity.render-pipelines.universal/Runtime/Data/PostProcessData.asset
  artifactKey: Guid(41439944d30ece34e96484bdb6645b55) Importer(815301076,1909f56bfc062723c751e8b465ee728b)
Start importing Packages/com.unity.render-pipelines.universal/Runtime/Data/PostProcessData.asset using Guid(41439944d30ece34e96484bdb6645b55) Importer(815301076,1909f56bfc062723c751e8b465ee728b)  -> (artifact id: '002361d1c8dce54694d9e4e3e364fdda') in 0.000760 seconds
Number of updated asset objects reloaded before import = 0
Number of asset objects unloaded after import = 0
========================================================================
Received Import Request.
  Time since last request: 0.000227 seconds.
  path: Packages/com.unity.render-pipelines.universal/Runtime/Data/UniversalRenderPipelineEditorResources.asset
  artifactKey: Guid(a3d8d823eedde654bb4c11a1cfaf1abb) Importer(815301076,1909f56bfc062723c751e8b465ee728b)
Start importing Packages/com.unity.render-pipelines.universal/Runtime/Data/UniversalRenderPipelineEditorResources.asset using Guid(a3d8d823eedde654bb4c11a1cfaf1abb) Importer(815301076,1909f56bfc062723c751e8b465ee728b)  -> (artifact id: '037f3f376d0e74dd4b89c3043d2cdeb1') in 0.001100 seconds
Number of updated asset objects reloaded before import = 0
Number of asset objects unloaded after import = 1
========================================================================
Received Import Request.
  Time since last request: 47.149906 seconds.
  path: Assets/Settings/UniversalRP.asset
  artifactKey: Guid(681886c5eb7344803b6206f758bf0b1c) Importer(2089858483,0ecaa5967403d082aa24f35e1b516d23)
Start importing Assets/Settings/UniversalRP.asset using Guid(681886c5eb7344803b6206f758bf0b1c) Importer(2089858483,0ecaa5967403d082aa24f35e1b516d23) Generated GUIDs only implemented for interfaces!
 -> (artifact id: '14485b1509b3aa2982fe89861e767b03') in 0.037157 seconds
Number of updated asset objects reloaded before import = 2
Number of asset objects unloaded after import = 1
